2016-01-28 09:06:09,415 INFO logging search for mashcat to mashcat
2016-01-28 09:06:09,415 INFO creating http session
2016-01-28 09:06:09,420 INFO starting search for mashcat
2016-01-28 09:06:09,434 INFO Starting new HTTPS connection (1): api.twitter.com
2016-01-28 09:06:10,353 INFO archived 692705901690671105
2016-01-28 09:06:10,353 INFO archived 692679099546996736
2016-01-28 09:06:10,353 INFO archived 692557001528889344
2016-01-28 09:06:10,353 INFO archived 692481378714263552
2016-01-28 09:06:10,353 INFO archived 692459951327985666
2016-01-28 09:06:10,354 INFO archived 692437059844358146
2016-01-28 09:06:10,354 INFO archived 692427666742472705
2016-01-28 09:06:10,354 INFO archived 692401840982466561
2016-01-28 09:06:10,354 INFO archived 692396081221615616
2016-01-28 09:06:10,354 INFO archived 692394023508664321
2016-01-28 09:06:10,354 INFO archived 692393927408750593
2016-01-28 09:06:10,354 INFO archived 692392738755645445
2016-01-28 09:06:10,355 INFO archived 692391245201694720
2016-01-28 09:06:10,355 INFO archived 692387218720190464
2016-01-28 09:06:10,355 INFO archived 692386375967072258
2016-01-28 09:06:10,355 INFO archived 692384684270080001
2016-01-28 09:06:10,355 INFO archived 692383372824428545
2016-01-28 09:06:10,355 INFO archived 692382688485900289
2016-01-28 09:06:10,356 INFO archived 692382353063305216
2016-01-28 09:06:10,356 INFO archived 692382296746369025
2016-01-28 09:06:10,356 INFO archived 692236995431657472
2016-01-28 09:06:10,356 INFO archived 692232283437322240
2016-01-28 09:06:10,356 INFO archived 692231576042770432
2016-01-28 09:06:10,356 INFO archived 692186254650273792
2016-01-28 09:06:10,356 INFO archived 692120272363786240
2016-01-28 09:06:10,357 INFO archived 692120039944777728
2016-01-28 09:06:10,357 INFO archived 692099835445514240
2016-01-28 09:06:10,357 INFO archived 692081043264913408
2016-01-28 09:06:10,357 INFO archived 692078342577721344
2016-01-28 09:06:10,357 INFO archived 692072141215281152
2016-01-28 09:06:10,358 INFO archived 692072056070893568
2016-01-28 09:06:10,358 INFO archived 692044158312275968
2016-01-28 09:06:10,358 INFO archived 692036133128052736
2016-01-28 09:06:10,358 INFO archived 692034175155716096
2016-01-28 09:06:10,358 INFO archived 692033818501472256
2016-01-28 09:06:10,358 INFO archived 692014469770272769
2016-01-28 09:06:10,359 INFO archived 692014257232289793
2016-01-28 09:06:10,359 INFO archived 692014111677255681
2016-01-28 09:06:10,359 INFO archived 692014030370635777
2016-01-28 09:06:10,359 INFO archived 692012384265703424
2016-01-28 09:06:10,359 INFO archived 692011629278527489
2016-01-28 09:06:10,359 INFO archived 692011215900512260
2016-01-28 09:06:10,359 INFO archived 692005709978935296
2016-01-28 09:06:10,360 INFO archived 692005190782836737
2016-01-28 09:06:10,360 INFO archived 692001035741728768
2016-01-28 09:06:10,360 INFO archived 691996728736792576
2016-01-28 09:06:10,360 INFO archived 691994644528369666
2016-01-28 09:06:10,360 INFO archived 691994511468158976
2016-01-28 09:06:10,360 INFO archived 691992998771462146
2016-01-28 09:06:10,360 INFO archived 691987789378883585
2016-01-28 09:06:10,361 INFO archived 691987597095215105
2016-01-28 09:06:10,361 INFO archived 691987579760218112
2016-01-28 09:06:10,361 INFO archived 691987380069343233
2016-01-28 09:06:10,361 INFO archived 691987140843048966
2016-01-28 09:06:10,361 INFO archived 691986994218438661
2016-01-28 09:06:10,361 INFO archived 691986640399659008
2016-01-28 09:06:10,361 INFO archived 691986202988265472
2016-01-28 09:06:10,361 INFO archived 691985197034770432
2016-01-28 09:06:10,362 INFO archived 691984620749987841
2016-01-28 09:06:10,362 INFO archived 691821109793177603
2016-01-28 09:06:10,362 INFO archived 691789164749197312
2016-01-28 09:06:10,362 INFO archived 691765027771138048
2016-01-28 09:06:10,362 INFO archived 691757740071456768
2016-01-28 09:06:10,362 INFO archived 691742228805521409
2016-01-28 09:06:10,362 INFO archived 691734085207592961
2016-01-28 09:06:10,363 INFO archived 691683368761688064
2016-01-28 09:06:10,363 INFO archived 691665659336507393
2016-01-28 09:06:10,363 INFO archived 691653699924561920
2016-01-28 09:06:10,363 INFO archived 691643301829578752
2016-01-28 09:06:10,363 INFO archived 691634104048193538
2016-01-28 09:06:10,363 INFO archived 691632731751493634
2016-01-28 09:06:10,363 INFO archived 691632029755138048
2016-01-28 09:06:10,363 INFO archived 691631309920280578
2016-01-28 09:06:10,364 INFO archived 691630897318236160
2016-01-28 09:06:10,364 INFO archived 691630807136473088
2016-01-28 09:06:10,364 INFO archived 691557779341996033
2016-01-28 09:06:10,364 INFO archived 691384299313065987
2016-01-28 09:06:10,364 INFO archived 691374055321133056
2016-01-28 09:06:10,364 INFO archived 691355301929426944
2016-01-28 09:06:10,364 INFO archived 691350344744452096
2016-01-28 09:06:10,365 INFO archived 691307915890835456
2016-01-28 09:06:10,365 INFO archived 691044379050508289
2016-01-28 09:06:10,365 INFO archived 691025234464473094
2016-01-28 09:06:10,365 INFO archived 690953495378169856
2016-01-28 09:06:10,366 INFO archived 690952845617541120
2016-01-28 09:06:10,366 INFO archived 690859359291637760
2016-01-28 09:06:10,366 INFO archived 690586470155943936
2016-01-28 09:06:10,366 INFO archived 690581060506238976
2016-01-28 09:06:10,367 INFO archived 690579450275168256
2016-01-28 09:06:10,367 INFO archived 690463325780598784
2016-01-28 09:06:10,367 INFO archived 690450074036486144
2016-01-28 09:06:10,367 INFO archived 690449701523554308
2016-01-28 09:06:10,367 INFO archived 690420050671460352
2016-01-28 09:06:10,368 INFO archived 690347886199099392
2016-01-28 09:06:10,368 INFO archived 690347009593757697
2016-01-28 09:06:10,368 INFO archived 690346861081792512
2016-01-28 09:06:10,368 INFO archived 690346129020559361
2016-01-28 09:06:10,368 INFO archived 690341258133426176
2016-01-28 09:06:10,369 INFO archived 690330100202627072
2016-01-28 09:06:10,369 INFO archived 690326577947807746
2016-01-28 09:06:10,666 INFO archived 690316890711810048
2016-01-28 09:06:10,666 INFO archived 690307423068823552
2016-01-28 09:06:10,666 INFO archived 690304081928273924
2016-01-28 09:06:10,666 INFO archived 690303914206437376
2016-01-28 09:06:10,666 INFO archived 690303880089989120
2016-01-28 09:06:10,667 INFO archived 690295360196059136
2016-01-28 09:06:10,667 INFO archived 690295359403380736
2016-01-28 09:06:10,667 INFO archived 690292461499875328
2016-01-28 09:06:10,667 INFO archived 690292084293525504
2016-01-28 09:06:10,667 INFO archived 690291789723492352
2016-01-28 09:06:10,667 INFO archived 690291275304718336
2016-01-28 09:06:10,667 INFO archived 690291042097184768
2016-01-28 09:06:10,668 INFO archived 690290901629829120
2016-01-28 09:06:10,668 INFO archived 690290834307162112
2016-01-28 09:06:10,668 INFO archived 690290757471707136
2016-01-28 09:06:10,668 INFO archived 690290725817303040
2016-01-28 09:06:10,668 INFO archived 690290476876836865
2016-01-28 09:06:10,668 INFO archived 690290257267400705
2016-01-28 09:06:10,668 INFO archived 690290253328949249
2016-01-28 09:06:10,668 INFO archived 690290191051952128
2016-01-28 09:06:10,668 INFO archived 690290046616805376
2016-01-28 09:06:10,668 INFO archived 690289998822785024
2016-01-28 09:06:10,669 INFO archived 690289862541467648
2016-01-28 09:06:10,669 INFO archived 690289794396635142
2016-01-28 09:06:10,669 INFO archived 690289763631435780
2016-01-28 09:06:10,669 INFO archived 690289711529758721
2016-01-28 09:06:10,669 INFO archived 690289605250306048
2016-01-28 09:06:10,669 INFO archived 690289338454769665
2016-01-28 09:06:10,669 INFO archived 690289312290754560
2016-01-28 09:06:10,669 INFO archived 690289159609528320
2016-01-28 09:06:10,669 INFO archived 690289048808718337
2016-01-28 09:06:10,670 INFO archived 690289006144200704
2016-01-28 09:06:10,670 INFO archived 690288898501668864
2016-01-28 09:06:10,670 INFO archived 690288690661322752
2016-01-28 09:06:10,670 INFO archived 690288653239738368
2016-01-28 09:06:10,670 INFO archived 690288452462628864
2016-01-28 09:06:10,670 INFO archived 690288395029987328
2016-01-28 09:06:10,670 INFO archived 690287948932239361
2016-01-28 09:06:10,670 INFO archived 690287922231283712
2016-01-28 09:06:10,670 INFO archived 690287904644534272
2016-01-28 09:06:10,671 INFO archived 690287730287341568
2016-01-28 09:06:10,671 INFO archived 690287643045838848
2016-01-28 09:06:10,671 INFO archived 690287481665773568
2016-01-28 09:06:10,671 INFO archived 690287201226194944
2016-01-28 09:06:10,671 INFO archived 690286997697609732
2016-01-28 09:06:10,671 INFO archived 690286895826337792
2016-01-28 09:06:10,671 INFO archived 690286783955914757
2016-01-28 09:06:10,671 INFO archived 690286619170074624
2016-01-28 09:06:10,671 INFO archived 690286461338423300
2016-01-28 09:06:10,672 INFO archived 690286390374957056
2016-01-28 09:06:10,672 INFO archived 690286150712434688
2016-01-28 09:06:10,672 INFO archived 690285970348994561
2016-01-28 09:06:10,672 INFO archived 690285960962138113
2016-01-28 09:06:10,672 INFO archived 690285944734351361
2016-01-28 09:06:10,672 INFO archived 690285929857191943
2016-01-28 09:06:10,672 INFO archived 690285827482652672
2016-01-28 09:06:10,672 INFO archived 690285799359844352
2016-01-28 09:06:10,672 INFO archived 690285769030791169
2016-01-28 09:06:10,673 INFO archived 690285686226681856
2016-01-28 09:06:10,673 INFO archived 690285679578877953
2016-01-28 09:06:10,673 INFO archived 690285457943482368
2016-01-28 09:06:10,673 INFO archived 690285415660703744
2016-01-28 09:06:10,673 INFO archived 690285197883912192
2016-01-28 09:06:10,673 INFO archived 690285195195465728
2016-01-28 09:06:10,673 INFO archived 690285145937477632
2016-01-28 09:06:10,674 INFO archived 690285137435717632
2016-01-28 09:06:10,674 INFO archived 690284907654975488
2016-01-28 09:06:10,674 INFO archived 690284779514785792
2016-01-28 09:06:10,674 INFO archived 690284525075763200
2016-01-28 09:06:10,674 INFO archived 690284354405322752
2016-01-28 09:06:10,675 INFO archived 690284128143544321
2016-01-28 09:06:10,675 INFO archived 690283989257621504
2016-01-28 09:06:10,675 INFO archived 690283849302032384
2016-01-28 09:06:10,675 INFO archived 690283802321625090
2016-01-28 09:06:10,675 INFO archived 690283609501073408
2016-01-28 09:06:10,675 INFO archived 690283595580231680
2016-01-28 09:06:10,676 INFO archived 690283432941895681
2016-01-28 09:06:10,676 INFO archived 690283418668654592
2016-01-28 09:06:10,676 INFO archived 690283294668251138
2016-01-28 09:06:10,676 INFO archived 690283230327537664
2016-01-28 09:06:10,676 INFO archived 690283145791442948
2016-01-28 09:06:10,676 INFO archived 690282990438514688
2016-01-28 09:06:10,677 INFO archived 690282910138638338
2016-01-28 09:06:10,677 INFO archived 690282904031723520
2016-01-28 09:06:10,677 INFO archived 690282875674042368
2016-01-28 09:06:10,677 INFO archived 690282847802888196
2016-01-28 09:06:10,677 INFO archived 690282807604711426
2016-01-28 09:06:10,677 INFO archived 690282622715596801
2016-01-28 09:06:10,677 INFO archived 690282584333484032
2016-01-28 09:06:10,678 INFO archived 690282484613943297
2016-01-28 09:06:10,678 INFO archived 690282302455283713
2016-01-28 09:06:10,678 INFO archived 690282237900767234
2016-01-28 09:06:10,678 INFO archived 690282087467851776
2016-01-28 09:06:10,678 INFO archived 690281846945517568
2016-01-28 09:06:10,678 INFO archived 690281642917756929
2016-01-28 09:06:10,678 INFO archived 690281369252012032
2016-01-28 09:06:10,678 INFO archived 690281330437857280
2016-01-28 09:06:10,678 INFO archived 690281293276405760
2016-01-28 09:06:10,678 INFO archived 690281151215333380
2016-01-28 09:06:10,678 INFO archived 690281069514510336
2016-01-28 09:06:11,211 INFO archived 690281062631608322
2016-01-28 09:06:11,211 INFO archived 690281014371942400
2016-01-28 09:06:11,211 INFO archived 690280873233682432
2016-01-28 09:06:11,211 INFO archived 690280591590346753
2016-01-28 09:06:11,212 INFO archived 690280584984313856
2016-01-28 09:06:11,212 INFO archived 690280484748718082
2016-01-28 09:06:11,212 INFO archived 690280424862584832
2016-01-28 09:06:11,212 INFO archived 690280385985511424
2016-01-28 09:06:11,212 INFO archived 690280347578286080
2016-01-28 09:06:11,212 INFO archived 690280323461021696
2016-01-28 09:06:11,212 INFO archived 690280318100725760
2016-01-28 09:06:11,212 INFO archived 690280253768466432
2016-01-28 09:06:11,212 INFO archived 690280019810238464
2016-01-28 09:06:11,213 INFO archived 690279928475033600
2016-01-28 09:06:11,213 INFO archived 690279876524429313
2016-01-28 09:06:11,213 INFO archived 690279724334084096
2016-01-28 09:06:11,213 INFO archived 690279699772264448
2016-01-28 09:06:11,213 INFO archived 690279504791617540
2016-01-28 09:06:11,213 INFO archived 690279384519970817
2016-01-28 09:06:11,213 INFO archived 690279371911860227
2016-01-28 09:06:11,213 INFO archived 690279273513533440
2016-01-28 09:06:11,213 INFO archived 690279268362932224
2016-01-28 09:06:11,214 INFO archived 690279189526671360
2016-01-28 09:06:11,214 INFO archived 690279162511245315
2016-01-28 09:06:11,214 INFO archived 690279092801900544
2016-01-28 09:06:11,214 INFO archived 690279088754442240
2016-01-28 09:06:11,214 INFO archived 690279032370413568
2016-01-28 09:06:11,214 INFO archived 690278962124189696
2016-01-28 09:06:11,214 INFO archived 690278883208384512
2016-01-28 09:06:11,214 INFO archived 690278878397399040
2016-01-28 09:06:11,214 INFO archived 690278787892772865
2016-01-28 09:06:11,214 INFO archived 690278551866703872
2016-01-28 09:06:11,215 INFO archived 690278536599306240
2016-01-28 09:06:11,215 INFO archived 690278535349551105
2016-01-28 09:06:11,215 INFO archived 690278493087764481
2016-01-28 09:06:11,215 INFO archived 690278464230952962
2016-01-28 09:06:11,215 INFO archived 690278440591847425
2016-01-28 09:06:11,215 INFO archived 690278188283465728
2016-01-28 09:06:11,215 INFO archived 690278155601461249
2016-01-28 09:06:11,215 INFO archived 690278035858296832
2016-01-28 09:06:11,215 INFO archived 690278028216291330
2016-01-28 09:06:11,216 INFO archived 690278008817635330
2016-01-28 09:06:11,216 INFO archived 690277982011801606
2016-01-28 09:06:11,216 INFO archived 690277918874931200
2016-01-28 09:06:11,216 INFO archived 690277847278182400
2016-01-28 09:06:11,216 INFO archived 690277698028113920
2016-01-28 09:06:11,216 INFO archived 690277166383259649
2016-01-28 09:06:11,216 INFO archived 690277080257396736
2016-01-28 09:06:11,216 INFO archived 690276774291316737
2016-01-28 09:06:11,217 INFO archived 690276772760457216
2016-01-28 09:06:11,217 INFO archived 690276761733615616
2016-01-28 09:06:11,217 INFO archived 690276693630685184
2016-01-28 09:06:11,217 INFO archived 690276657710698496
2016-01-28 09:06:11,217 INFO archived 690276335260954624
2016-01-28 09:06:11,217 INFO archived 690276145107976192
2016-01-28 09:06:11,217 INFO archived 690276083338498048
2016-01-28 09:06:11,217 INFO archived 690276037251457025
2016-01-28 09:06:11,218 INFO archived 690275730341629957
2016-01-28 09:06:11,218 INFO archived 690269167333732352
2016-01-28 09:06:11,218 INFO archived 690267379348180992
2016-01-28 09:06:11,218 INFO archived 690267189081935872
2016-01-28 09:06:11,218 INFO archived 690266530240659457
2016-01-28 09:06:11,218 INFO archived 690266105168957440
2016-01-28 09:06:11,219 INFO archived 690265591593209856
2016-01-28 09:06:11,219 INFO archived 690265537029488640
2016-01-28 09:06:11,219 INFO archived 690265431358226433
2016-01-28 09:06:11,219 INFO archived 690264896135696384
2016-01-28 09:06:11,219 INFO archived 690263314543296512
2016-01-28 09:06:11,219 INFO archived 690262942697267200
2016-01-28 09:06:11,219 INFO archived 690262873453563906
2016-01-28 09:06:11,219 INFO archived 690257612932259842
2016-01-28 09:06:11,220 INFO archived 690231209763405824
2016-01-28 09:06:11,220 INFO archived 690230192309170177
2016-01-28 09:06:11,220 INFO archived 690229712103329792
2016-01-28 09:06:11,220 INFO archived 690229575264002048
2016-01-28 09:06:11,220 INFO archived 690229524085211136
2016-01-28 09:06:11,220 INFO archived 690229335224119297
2016-01-28 09:06:11,220 INFO archived 690206404582490112
2016-01-28 09:06:11,220 INFO archived 690201824557690880
2016-01-28 09:06:11,221 INFO archived 690187516146753536
2016-01-28 09:06:11,221 INFO archived 690187515656036352
2016-01-28 09:06:11,221 INFO archived 690186650098495488
2016-01-28 09:06:11,221 INFO archived 690186057778909184
2016-01-28 09:06:11,221 INFO archived 690185802538733568
2016-01-28 09:06:11,221 INFO archived 690185499470864385
2016-01-28 09:06:11,221 INFO archived 690174222946148352
2016-01-28 09:06:11,221 INFO archived 689996707803873280
2016-01-28 09:06:11,222 INFO archived 689971480269033473
2016-01-28 09:06:11,222 INFO archived 689960692796035073
2016-01-28 09:06:11,222 INFO archived 689954001614458880
2016-01-28 09:06:11,222 INFO archived 689907118896472064
2016-01-28 09:06:11,222 INFO archived 689891797938536456
2016-01-28 09:06:11,222 INFO archived 689891180600016896
2016-01-28 09:06:11,222 INFO archived 689881707751702529
2016-01-28 09:06:11,222 INFO archived 689872926766530560
2016-01-28 09:06:11,222 INFO archived 689869061291909120
2016-01-28 09:06:11,223 INFO archived 689869036423901184
2016-01-28 09:06:11,223 INFO archived 689868880152498176
2016-01-28 09:06:11,223 INFO archived 689868528875376640
2016-01-28 09:06:11,223 INFO archived 689845832506454016
2016-01-28 09:06:11,551 INFO archived 689842939221049344
2016-01-28 09:06:11,551 INFO archived 689839932869840896
2016-01-28 09:06:11,551 INFO archived 689830890768326656
2016-01-28 09:06:11,551 INFO archived 689828053820792833
2016-01-28 09:06:11,551 INFO archived 689826218938613760
2016-01-28 09:06:11,552 INFO archived 689825285580128256
2016-01-28 09:06:11,552 INFO archived 689823969533390848
2016-01-28 09:06:11,552 INFO archived 689819857265782785
2016-01-28 09:06:11,552 INFO archived 689773990370476033
2016-01-28 09:06:11,552 INFO archived 689668709124825088
2016-01-28 09:06:11,552 INFO archived 689655989943963648
2016-01-28 09:06:11,552 INFO archived 689655632220127232
2016-01-28 09:06:11,552 INFO archived 689650174881337345
2016-01-28 09:06:11,553 INFO archived 689649897306525696
2016-01-28 09:06:11,553 INFO archived 689648102735642624
2016-01-28 09:06:11,553 INFO archived 689647011742752768
2016-01-28 09:06:11,553 INFO archived 689646252842192901
2016-01-28 09:06:11,553 INFO archived 689645725790162944
2016-01-28 09:06:11,553 INFO archived 689645185291132928
2016-01-28 09:06:11,553 INFO archived 689645080911589376
2016-01-28 09:06:11,553 INFO archived 689645032182259712
2016-01-28 09:06:11,554 INFO archived 689645015056961538
2016-01-28 09:06:11,554 INFO archived 689644985877139456
2016-01-28 09:06:11,554 INFO archived 689644961172709376
2016-01-28 09:06:11,554 INFO archived 689644948036005888
2016-01-28 09:06:11,554 INFO archived 689644880897904640
2016-01-28 09:06:11,554 INFO archived 689644666665443328
2016-01-28 09:06:11,554 INFO archived 689644641931677696
2016-01-28 09:06:11,554 INFO archived 689644500784799744
2016-01-28 09:06:11,554 INFO archived 689644455029252096
2016-01-28 09:06:11,555 INFO archived 689644387622653952
2016-01-28 09:06:11,555 INFO archived 689644199134781440
2016-01-28 09:06:11,555 INFO archived 689644160551362560
2016-01-28 09:06:11,555 INFO archived 689643351583252480
2016-01-28 09:06:11,555 INFO archived 689643347951034368
2016-01-28 09:06:11,555 INFO archived 689643321027747840
2016-01-28 09:06:11,555 INFO archived 689643113397252099
2016-01-28 09:06:11,555 INFO archived 689643023748038656
2016-01-28 09:06:11,555 INFO archived 689643019130249216
2016-01-28 09:06:11,556 INFO archived 689642980634812417
2016-01-28 09:06:11,556 INFO archived 689642972485394432
2016-01-28 09:06:11,556 INFO archived 689642945918558209
2016-01-28 09:06:11,556 INFO archived 689642789546676225
2016-01-28 09:06:11,556 INFO archived 689642765899190272
2016-01-28 09:06:11,556 INFO archived 689642491059015680
2016-01-28 09:06:11,556 INFO archived 689642421634875394
2016-01-28 09:06:11,556 INFO archived 689642265539584000
2016-01-28 09:06:11,556 INFO archived 689642259252449281
2016-01-28 09:06:11,557 INFO archived 689642051823099904
2016-01-28 09:06:11,557 INFO archived 689641958202068992
2016-01-28 09:06:11,557 INFO archived 689641944931241984
2016-01-28 09:06:11,557 INFO archived 689641633000919042
2016-01-28 09:06:11,557 INFO archived 689641550062690304
2016-01-28 09:06:11,557 INFO archived 689641510061641728
2016-01-28 09:06:11,557 INFO archived 689641445070737410
2016-01-28 09:06:11,558 INFO archived 689641319875153920
2016-01-28 09:06:11,558 INFO archived 689641309875806208
2016-01-28 09:06:11,558 INFO archived 689641262539001856
2016-01-28 09:06:11,558 INFO archived 689640992241246208
2016-01-28 09:06:11,558 INFO archived 689640910850666496
2016-01-28 09:06:11,559 INFO archived 689640860506570753
2016-01-28 09:06:11,559 INFO archived 689640833541410816
2016-01-28 09:06:11,559 INFO archived 689640661025447938
2016-01-28 09:06:11,559 INFO archived 689640635180138497
2016-01-28 09:06:11,560 INFO archived 689640552799805440
2016-01-28 09:06:11,560 INFO archived 689640376123179008
2016-01-28 09:06:11,560 INFO archived 689640373279326210
2016-01-28 09:06:11,560 INFO archived 689640326663950337
2016-01-28 09:06:11,560 INFO archived 689640128751493120
2016-01-28 09:06:11,561 INFO archived 689639895682437120
2016-01-28 09:06:11,561 INFO archived 689639852086816768
2016-01-28 09:06:11,561 INFO archived 689639809032327168
2016-01-28 09:06:11,561 INFO archived 689639673468039168
2016-01-28 09:06:11,561 INFO archived 689639510229970944
2016-01-28 09:06:11,561 INFO archived 689639437601378304
2016-01-28 09:06:11,561 INFO archived 689639248773922816
2016-01-28 09:06:11,561 INFO archived 689639171175096320
2016-01-28 09:06:11,562 INFO archived 689639119245479936
2016-01-28 09:06:11,562 INFO archived 689638877611560960
2016-01-28 09:06:11,562 INFO archived 689638750637293569
2016-01-28 09:06:11,562 INFO archived 689638710921535488
2016-01-28 09:06:11,562 INFO archived 689638669850972161
2016-01-28 09:06:11,562 INFO archived 689638656064253952
2016-01-28 09:06:11,562 INFO archived 689638575609135104
2016-01-28 09:06:11,562 INFO archived 689638476006957057
2016-01-28 09:06:11,562 INFO archived 689638387498782721
2016-01-28 09:06:11,563 INFO archived 689638374714376192
2016-01-28 09:06:11,563 INFO archived 689638334554083328
2016-01-28 09:06:11,563 INFO archived 689638191423451136
2016-01-28 09:06:11,563 INFO archived 689638160712728576
2016-01-28 09:06:11,563 INFO archived 689638147529912321
2016-01-28 09:06:11,563 INFO archived 689638123496722432
2016-01-28 09:06:11,563 INFO archived 689637989329154048
2016-01-28 09:06:11,563 INFO archived 689637835247251457
2016-01-28 09:06:11,564 INFO archived 689637820953169921
2016-01-28 09:06:11,564 INFO archived 689637782898282496
2016-01-28 09:06:11,564 INFO archived 689637717274140673
2016-01-28 09:06:11,564 INFO archived 689637710898860032
2016-01-28 09:06:11,564 INFO archived 689637537883803648
2016-01-28 09:06:11,564 INFO archived 689637526613659648
2016-01-28 09:06:11,863 INFO archived 689637521077202944
2016-01-28 09:06:11,863 INFO archived 689637507185573888
2016-01-28 09:06:11,863 INFO archived 689637395612966912
2016-01-28 09:06:11,864 INFO archived 689637325828034560
2016-01-28 09:06:11,864 INFO archived 689637209243303937
2016-01-28 09:06:11,864 INFO archived 689637070906626048
2016-01-28 09:06:11,864 INFO archived 689636865436090370
2016-01-28 09:06:11,864 INFO archived 689636763766235136
2016-01-28 09:06:11,864 INFO archived 689636678445723648
2016-01-28 09:06:11,864 INFO archived 689636627090685952
2016-01-28 09:06:11,864 INFO archived 689636546740404224
2016-01-28 09:06:11,865 INFO archived 689636521528328192
2016-01-28 09:06:11,865 INFO archived 689636413730590721
2016-01-28 09:06:11,865 INFO archived 689636374710980608
2016-01-28 09:06:11,865 INFO archived 689636355618533383
2016-01-28 09:06:11,865 INFO archived 689636291462430720
2016-01-28 09:06:11,865 INFO archived 689636244557533184
2016-01-28 09:06:11,865 INFO archived 689636187418595329
2016-01-28 09:06:11,865 INFO archived 689635882081632258
2016-01-28 09:06:11,865 INFO archived 689635822455250945
2016-01-28 09:06:11,866 INFO archived 689635817325793280
2016-01-28 09:06:11,866 INFO archived 689635748493000704
2016-01-28 09:06:11,866 INFO archived 689635730671407105
2016-01-28 09:06:11,866 INFO archived 689635654301515779
2016-01-28 09:06:11,866 INFO archived 689635585993134080
2016-01-28 09:06:11,866 INFO archived 689635358737330180
2016-01-28 09:06:11,866 INFO archived 689635295759855616
2016-01-28 09:06:11,866 INFO archived 689635150590775296
2016-01-28 09:06:11,867 INFO archived 689635119607390208
2016-01-28 09:06:11,867 INFO archived 689634881345843200
2016-01-28 09:06:11,867 INFO archived 689634767948648448
2016-01-28 09:06:11,867 INFO archived 689634723186900992
2016-01-28 09:06:11,867 INFO archived 689634582006796290
2016-01-28 09:06:11,867 INFO archived 689634579100110848
2016-01-28 09:06:11,867 INFO archived 689634549580566529
2016-01-28 09:06:11,867 INFO archived 689634468689240064
2016-01-28 09:06:11,867 INFO archived 689634420152623105
2016-01-28 09:06:11,868 INFO archived 689634382789894144
2016-01-28 09:06:11,868 INFO archived 689634375873531906
2016-01-28 09:06:11,868 INFO archived 689634328071032832
2016-01-28 09:06:11,868 INFO archived 689634149888450560
2016-01-28 09:06:11,868 INFO archived 689634096960663553
2016-01-28 09:06:11,868 INFO archived 689634022494965762
2016-01-28 09:06:11,868 INFO archived 689634007835885568
2016-01-28 09:06:11,868 INFO archived 689633963674091520
2016-01-28 09:06:11,869 INFO archived 689633897798352896
2016-01-28 09:06:11,869 INFO archived 689633888910581760
2016-01-28 09:06:11,869 INFO archived 689633848724955136
2016-01-28 09:06:11,869 INFO archived 689633795989868544
2016-01-28 09:06:11,869 INFO archived 689633788532498432
2016-01-28 09:06:11,869 INFO archived 689633564766244864
2016-01-28 09:06:11,869 INFO archived 689633447514611712
2016-01-28 09:06:11,869 INFO archived 689633394997592065
2016-01-28 09:06:11,869 INFO archived 689633388710514688
2016-01-28 09:06:11,870 INFO archived 689633304820080641
2016-01-28 09:06:11,870 INFO archived 689633245550383104
2016-01-28 09:06:11,870 INFO archived 689633219617120256
2016-01-28 09:06:11,870 INFO archived 689633135542276096
2016-01-28 09:06:11,870 INFO archived 689633110061944832
2016-01-28 09:06:11,870 INFO archived 689633094291316736
2016-01-28 09:06:11,870 INFO archived 689633073516920833
2016-01-28 09:06:11,870 INFO archived 689633062448041984
2016-01-28 09:06:11,870 INFO archived 689632971578544128
2016-01-28 09:06:11,870 INFO archived 689632861109010432
2016-01-28 09:06:11,871 INFO archived 689632836450697216
2016-01-28 09:06:11,871 INFO archived 689632785431142400
2016-01-28 09:06:11,871 INFO archived 689632673522917376
2016-01-28 09:06:11,871 INFO archived 689632621832323072
2016-01-28 09:06:11,871 INFO archived 689632553406439426
2016-01-28 09:06:11,871 INFO archived 689632535379365889
2016-01-28 09:06:11,871 INFO archived 689632425048150021
2016-01-28 09:06:11,871 INFO archived 689632408140931072
2016-01-28 09:06:11,872 INFO archived 689632265631047681
2016-01-28 09:06:11,872 INFO archived 689632235507585024
2016-01-28 09:06:11,872 INFO archived 689632234299637760
2016-01-28 09:06:11,872 INFO archived 689632146538008576
2016-01-28 09:06:11,872 INFO archived 689632134567497728
2016-01-28 09:06:11,872 INFO archived 689632106289459201
2016-01-28 09:06:11,872 INFO archived 689632059686400000
2016-01-28 09:06:11,872 INFO archived 689632043928543232
2016-01-28 09:06:11,872 INFO archived 689631965570539521
2016-01-28 09:06:11,873 INFO archived 689631951439945728
2016-01-28 09:06:11,873 INFO archived 689631894414180352
2016-01-28 09:06:11,873 INFO archived 689631772255088641
2016-01-28 09:06:11,873 INFO archived 689631759810465792
2016-01-28 09:06:11,873 INFO archived 689631585201721344
2016-01-28 09:06:11,873 INFO archived 689631550690951169
2016-01-28 09:06:11,873 INFO archived 689631515987279872
2016-01-28 09:06:11,873 INFO archived 689631508567560192
2016-01-28 09:06:11,873 INFO archived 689631497901469696
2016-01-28 09:06:11,874 INFO archived 689631399876362240
2016-01-28 09:06:11,874 INFO archived 689631349716750336
2016-01-28 09:06:11,874 INFO archived 689631328585707521
2016-01-28 09:06:11,874 INFO archived 689631274273734656
2016-01-28 09:06:11,874 INFO archived 689631257991352320
2016-01-28 09:06:11,874 INFO archived 689631082489192448
2016-01-28 09:06:11,874 INFO archived 689631064550088704
2016-01-28 09:06:11,874 INFO archived 689630919553126400
2016-01-28 09:06:11,875 INFO archived 689630843137060864
2016-01-28 09:06:11,875 INFO archived 689630832273813504
2016-01-28 09:06:12,133 INFO archived 689630819313422336
2016-01-28 09:06:12,133 INFO archived 689630668171640833
2016-01-28 09:06:12,133 INFO archived 689630478853410816
2016-01-28 09:06:12,133 INFO archived 689630241971548160
2016-01-28 09:06:12,134 INFO archived 689629997695385600
2016-01-28 09:06:12,134 INFO archived 689629890761625601
2016-01-28 09:06:12,134 INFO archived 689629623307603968
2016-01-28 09:06:12,134 INFO archived 689629596698939394
2016-01-28 09:06:12,134 INFO archived 689629530777112576
2016-01-28 09:06:12,134 INFO archived 689629504789159936
2016-01-28 09:06:12,134 INFO archived 689629370567229444
2016-01-28 09:06:12,134 INFO archived 689629173367848962
2016-01-28 09:06:12,134 INFO archived 689629099090907136
2016-01-28 09:06:12,135 INFO archived 689629043029704704
2016-01-28 09:06:12,135 INFO archived 689629001086709761
2016-01-28 09:06:12,135 INFO archived 689628790088052737
2016-01-28 09:06:12,135 INFO archived 689628508813934593
2016-01-28 09:06:12,135 INFO archived 689628273639292929
2016-01-28 09:06:12,135 INFO archived 689628059591290880
2016-01-28 09:06:12,135 INFO archived 689546004991971328
2016-01-28 09:06:12,135 INFO archived 689527471419555840
2016-01-28 09:06:12,136 INFO archived 689526428120043520
2016-01-28 09:06:12,136 INFO archived 689523452198424577
2016-01-28 09:06:12,136 INFO archived 689512885781864448
2016-01-28 09:06:12,136 INFO archived 689507296959864832
2016-01-28 09:06:12,136 INFO archived 689506325135527936
2016-01-28 09:06:12,136 INFO archived 689504449505558529
2016-01-28 09:06:12,136 INFO archived 689500882195513344
2016-01-28 09:06:12,136 INFO archived 689499311390875650
2016-01-28 09:06:12,137 INFO archived 689498529442566145
2016-01-28 09:06:12,137 INFO archived 689488293163982848
2016-01-28 09:06:12,137 INFO archived 689485992269447168
2016-01-28 09:06:12,137 INFO archived 689485623351095296
2016-01-28 09:06:12,137 INFO archived 689485487011008512
2016-01-28 09:06:12,137 INFO archived 689483795389505537
2016-01-28 09:06:12,138 INFO archived 689483659028463616
2016-01-28 09:06:12,138 INFO archived 689467765535584256
2016-01-28 09:06:12,138 INFO archived 689463005306728452
2016-01-28 09:06:12,138 INFO archived 689462731221573632
2016-01-28 09:06:12,138 INFO archived 689462454598807555
2016-01-28 09:06:12,138 INFO archived 689461690191065089
2016-01-28 09:06:12,138 INFO archived 689461460657831936
2016-01-28 09:06:12,139 INFO archived 689397774769455104
2016-01-28 09:06:12,210 INFO no new tweets matching {'count': 100, 'q': 'mashcat', 'max_id': '689397774769455103'}
